12 August 2007   2:11:37.926 PM
 
QUADRATURE_TEST_GENZ_ONLY
  FORTRAN90 version
 
  THIS IS A SPECIAL CUT DOWN VERSION THAT ONLY
  CHECKS THE GENZ INTEGRALS.
  CREATED FOR ONE TIME USE 01 AUGUST 2007.
 
  Investigate the accuracy of a multidimensional
  quadrature rule by integrating test functions.
 
QUADRATURE_TEST_GENZ_ONLY: User input:
  Quadrature rule X file = "lc_d6_00085_x.txt".
  Quadrature rule W file = "lc_d6_00085_w.txt".
  Quadrature rule R file = "lc_d6_00085_r.txt".
 
  Spatial dimension =        6
  Number of points  =       85
 
  Prob   Dim      Points       Approx          Exact           Error
 
    27     6          85    -.722466        -.722115        0.351030E-03
    28     6          85     .634940         .635782        0.841811E-03
    29     6          85    0.892042E-01    0.901401E-01    0.935894E-03
    30     6          85     .986220         .986220        0.582582E-06
    31     6          85    0.623226E-01    0.637969E-01    0.147429E-02
    32     6          85     6.34867         6.32573        0.229413E-01
 
QUADRATURE_TEST_GENZ_ONLY:
  Normal end of execution.
 
12 August 2007   2:11:37.947 PM
