12 August 2007   2:11:31.910 PM
 
QUADRATURE_TEST_GENZ_ONLY
  FORTRAN90 version
 
  THIS IS A SPECIAL CUT DOWN VERSION THAT ONLY
  CHECKS THE GENZ INTEGRALS.
  CREATED FOR ONE TIME USE 01 AUGUST 2007.
 
  Investigate the accuracy of a multidimensional
  quadrature rule by integrating test functions.
 
QUADRATURE_TEST_GENZ_ONLY: User input:
  Quadrature rule X file = "lc_d6_00013_x.txt".
  Quadrature rule W file = "lc_d6_00013_w.txt".
  Quadrature rule R file = "lc_d6_00013_r.txt".
 
  Spatial dimension =        6
  Number of points  =       13
 
  Prob   Dim      Points       Approx          Exact           Error
 
    27     6          13    -.723702        -.722115        0.158661E-02
    28     6          13     .635639         .635782        0.142617E-03
    29     6          13    0.874689E-01    0.901401E-01    0.267123E-02
    30     6          13     .986298         .986220        0.785300E-04
    31     6          13    0.609131E-01    0.637969E-01    0.288380E-02
    32     6          13     6.94658         6.32573         .620849    
 
QUADRATURE_TEST_GENZ_ONLY:
  Normal end of execution.
 
12 August 2007   2:11:31.923 PM
