12 August 2007   2:12:51.686 PM
 
QUADRATURE_TEST_GENZ_ONLY
  FORTRAN90 version
 
  THIS IS A SPECIAL CUT DOWN VERSION THAT ONLY
  CHECKS THE GENZ INTEGRALS.
  CREATED FOR ONE TIME USE 01 AUGUST 2007.
 
  Investigate the accuracy of a multidimensional
  quadrature rule by integrating test functions.
 
QUADRATURE_TEST_GENZ_ONLY: User input:
  Quadrature rule X file = "lc_d10_08801_x.txt".
  Quadrature rule W file = "lc_d10_08801_w.txt".
  Quadrature rule R file = "lc_d10_08801_r.txt".
 
  Spatial dimension =       10
  Number of points  =     8801
 
  Prob   Dim      Points       Approx          Exact           Error
 
    27    10        8801    -.724192        -.724125        0.672410E-04
    28    10        8801     .470121         .470089        0.315924E-04
    29    10        8801    0.191150E-01    0.192139E-01    0.989885E-04
    30    10        8801     .991704         .991704        0.563353E-08
    31    10        8801    0.102080E-01    0.101859E-01    0.221009E-04
    32    10        8801     54.1458         53.1655         .980351    
 
QUADRATURE_TEST_GENZ_ONLY:
  Normal end of execution.
 
12 August 2007   2:12:52.966 PM
