12 August 2007   2:13:07.404 PM
 
QUADRATURE_TEST_GENZ_ONLY
  FORTRAN90 version
 
  THIS IS A SPECIAL CUT DOWN VERSION THAT ONLY
  CHECKS THE GENZ INTEGRALS.
  CREATED FOR ONE TIME USE 01 AUGUST 2007.
 
  Investigate the accuracy of a multidimensional
  quadrature rule by integrating test functions.
 
QUADRATURE_TEST_GENZ_ONLY: User input:
  Quadrature rule X file = "lc_d10_41265_x.txt".
  Quadrature rule W file = "lc_d10_41265_w.txt".
  Quadrature rule R file = "lc_d10_41265_r.txt".
 
  Spatial dimension =       10
  Number of points  =    41265
 
  Prob   Dim      Points       Approx          Exact           Error
 
    27    10       41265    -.724095        -.724125        0.300772E-04
    28    10       41265     .469941         .470089        0.148580E-03
    29    10       41265    0.192785E-01    0.192139E-01    0.645237E-04
    30    10       41265     .991704         .991704        0.417773E-07
    31    10       41265    0.101343E-01    0.101859E-01    0.516278E-04
    32    10       41265     52.5440         53.1655         .621511    
 
QUADRATURE_TEST_GENZ_ONLY:
  Normal end of execution.
 
12 August 2007   2:13:13.554 PM
