12 August 2007   2:12:22.997 PM
 
QUADRATURE_TEST_GENZ_ONLY
  FORTRAN90 version
 
  THIS IS A SPECIAL CUT DOWN VERSION THAT ONLY
  CHECKS THE GENZ INTEGRALS.
  CREATED FOR ONE TIME USE 01 AUGUST 2007.
 
  Investigate the accuracy of a multidimensional
  quadrature rule by integrating test functions.
 
QUADRATURE_TEST_GENZ_ONLY: User input:
  Quadrature rule X file = "lc_d10_00001_x.txt".
  Quadrature rule W file = "lc_d10_00001_w.txt".
  Quadrature rule R file = "lc_d10_00001_r.txt".
 
  Spatial dimension =       10
  Number of points  =        1
 
  Prob   Dim      Points       Approx          Exact           Error
 
    27    10           1    -.727149        -.724125        0.302373E-02
    28    10           1     1.00000         .470089         .529911    
    29    10           1    0.153554E-01    0.192139E-01    0.385858E-02
    30    10           1     1.00000         .991704        0.829595E-02
    31    10           1     1.00000        0.101859E-01     .989814    
    32    10           1     106.183         53.1655         53.0176    
 
QUADRATURE_TEST_GENZ_ONLY:
  Normal end of execution.
 
12 August 2007   2:12:23.013 PM
