12 August 2007   2:11:49.448 PM
 
QUADRATURE_TEST_GENZ_ONLY
  FORTRAN90 version
 
  THIS IS A SPECIAL CUT DOWN VERSION THAT ONLY
  CHECKS THE GENZ INTEGRALS.
  CREATED FOR ONE TIME USE 01 AUGUST 2007.
 
  Investigate the accuracy of a multidimensional
  quadrature rule by integrating test functions.
 
QUADRATURE_TEST_GENZ_ONLY: User input:
  Quadrature rule X file = "lc_d6_00389_x.txt".
  Quadrature rule W file = "lc_d6_00389_w.txt".
  Quadrature rule R file = "lc_d6_00389_r.txt".
 
  Spatial dimension =        6
  Number of points  =      389
 
  Prob   Dim      Points       Approx          Exact           Error
 
    27     6         389    -.722216        -.722115        0.100167E-03
    28     6         389     .637360         .635782        0.157786E-02
    29     6         389    0.893331E-01    0.901401E-01    0.806941E-03
    30     6         389     .986222         .986220        0.233342E-05
    31     6         389    0.676258E-01    0.637969E-01    0.382888E-02
    32     6         389     6.43565         6.32573         .109915    
 
QUADRATURE_TEST_GENZ_ONLY:
  Normal end of execution.
 
12 August 2007   2:11:49.499 PM
