12 August 2007   2:45:32.807 PM
 
QUADRATURE_TEST_GENZ_ONLY
  FORTRAN90 version
 
  THIS IS A SPECIAL CUT DOWN VERSION THAT ONLY
  CHECKS THE GENZ INTEGRALS.
  CREATED FOR ONE TIME USE 01 AUGUST 2007.
 
  Investigate the accuracy of a multidimensional
  quadrature rule by integrating test functions.
 
QUADRATURE_TEST_GENZ_ONLY: User input:
  Quadrature rule X file = "lc_d10_00021_x.txt".
  Quadrature rule W file = "lc_d10_00021_w.txt".
  Quadrature rule R file = "lc_d10_00021_r.txt".
 
  Spatial dimension =       10
  Number of points  =       21
 
  Prob   Dim      Points       Approx          Exact           Error
 
    27    10          21    -.724475        -.724125        0.350297E-03
    28    10          21     .470662         .470089        0.572981E-03
    29    10          21    0.203204E-01    0.192139E-01    0.110649E-02
    30    10          21     .991723         .991704        0.187215E-04
    31    10          21    0.969661E-02    0.101859E-01    0.489280E-03
    32    10          21     68.2589         53.1655         15.0934    
 
QUADRATURE_TEST_GENZ_ONLY:
  Normal end of execution.
 
12 August 2007   2:45:32.827 PM
