March 10 2003   8:36:40.184 AM
 
PLOT_POINTS
  Given a file of 2D points, make a dot plot, and
  a Delaunay triangulation plot.
 
Enter command (H for help):
 
#  An input file to PLOT_POINTS
#
#  All the input files have the X values in column 2, the Y values in column 3.
#
#  We want a box around the data cornered at (0,0) X (1,1)
#
#  We want the "shadow" of X and Y to be marked on the axes.
#
X index set to      2
 
Enter command (H for help):
 
Y index set to      3
 
Enter command (H for help):
 
 
  Enter lower left (x,y), then upper right (x,y):
 
  Lower left box corner  =    0.0000   0.0000
  Upper right box corner =     1.0000   1.0000
 
Enter command (H for help):
 
 
SHADOWING is turned ON.
  Each point makes a small mark on X and Y axis.
 
Enter command (H for help):
 
#
 
DATA_READ
  Read point data from "romero_01_cvt.txt".
 
  Points are assumed to have dimension      3
 
POINTS_COUNT:
  Number of records:             15
  Number of point records:        9
  Number of comment records:      6
  Number of bad records:          0
 
POINTS_READ:
  Read coordinate data from file.
 
 Coord  Min  Max
 
  1    1.0000    9.0000
  2    0.1655    0.8346
  3    0.1644    0.8373
 
DATA_READ
  The data has been read.
 
Enter command (H for help):
 
 
TITLE:
  "01: Romero CVT 9 point set, seed 1"
 
Enter command (H for help):
 
 
  Next output file is romero_01_cvt_dot.eps
 
Enter command (H for help):
 
 
  Write dot data to "romero_01_cvt_dot.eps".
 
        Plot Plot
 Coord  Min  Max
 
  1   -0.0500    1.0500
  2   -0.0500    1.0500
 
Enter command (H for help):
 
 
  Next output file is romero_01_cvt_cir.eps
 
Enter command (H for help):
 
 
  Write circle data to "romero_01_cvt_cir.eps".
 
        Plot Plot
 Coord  Min  Max
 
  1   -0.0500    1.0500
  2   -0.0500    1.0500
 
Enter command (H for help):
 
#
 
DATA_READ
  Read point data from "romero_02_cvt.txt".
 
  Points are assumed to have dimension      3
 
POINTS_COUNT:
  Number of records:             19
  Number of point records:       13
  Number of comment records:      6
  Number of bad records:          0
 
POINTS_READ:
  Read coordinate data from file.
 
 Coord  Min  Max
 
  1    1.0000   13.0000
  2    0.1254    0.8748
  3    0.1254    0.8745
 
DATA_READ
  The data has been read.
 
Enter command (H for help):
 
 
TITLE:
  "02: Romero CVT 13 point set, seed 1"
 
Enter command (H for help):
 
 
  Next output file is romero_02_cvt_dot.eps
 
Enter command (H for help):
 
 
  Write dot data to "romero_02_cvt_dot.eps".
 
        Plot Plot
 Coord  Min  Max
 
  1   -0.0500    1.0500
  2   -0.0500    1.0500
 
Enter command (H for help):
 
 
  Next output file is romero_02_cvt_cir.eps
 
Enter command (H for help):
 
 
  Write circle data to "romero_02_cvt_cir.eps".
 
        Plot Plot
 Coord  Min  Max
 
  1   -0.0500    1.0500
  2   -0.0500    1.0500
 
Enter command (H for help):
 
#
 
DATA_READ
  Read point data from "romero_03_cvt.txt".
 
  Points are assumed to have dimension      3
 
POINTS_COUNT:
  Number of records:             31
  Number of point records:       25
  Number of comment records:      6
  Number of bad records:          0
 
POINTS_READ:
  Read coordinate data from file.
 
 Coord  Min  Max
 
  1    1.0000   25.0000
  2    0.0923    0.9039
  3    0.0810    0.9212
 
DATA_READ
  The data has been read.
 
Enter command (H for help):
 
 
TITLE:
  "03: Romero CVT 25 point set, seed 1"
 
Enter command (H for help):
 
 
  Next output file is romero_03_cvt_dot.eps
 
Enter command (H for help):
 
 
  Write dot data to "romero_03_cvt_dot.eps".
 
        Plot Plot
 Coord  Min  Max
 
  1   -0.0500    1.0500
  2   -0.0500    1.0500
 
Enter command (H for help):
 
 
  Next output file is romero_03_cvt_cir.eps
 
Enter command (H for help):
 
 
  Write circle data to "romero_03_cvt_cir.eps".
 
        Plot Plot
 Coord  Min  Max
 
  1   -0.0500    1.0500
  2   -0.0500    1.0500
 
Enter command (H for help):
 
#
 
DATA_READ
  Read point data from "romero_04_cvt.txt".
 
  Points are assumed to have dimension      3
 
POINTS_COUNT:
  Number of records:             47
  Number of point records:       41
  Number of comment records:      6
  Number of bad records:          0
 
POINTS_READ:
  Read coordinate data from file.
 
 Coord  Min  Max
 
  1    1.0000   41.0000
  2    0.0632    0.9286
  3    0.0659    0.9396
 
DATA_READ
  The data has been read.
 
Enter command (H for help):
 
 
TITLE:
  "04: Romero CVT 41 point set, seed 1"
 
Enter command (H for help):
 
 
  Next output file is romero_04_cvt_dot.eps
 
Enter command (H for help):
 
 
  Write dot data to "romero_04_cvt_dot.eps".
 
        Plot Plot
 Coord  Min  Max
 
  1   -0.0500    1.0500
  2   -0.0500    1.0500
 
Enter command (H for help):
 
 
  Next output file is romero_04_cvt_cir.eps
 
Enter command (H for help):
 
 
  Write circle data to "romero_04_cvt_cir.eps".
 
        Plot Plot
 Coord  Min  Max
 
  1   -0.0500    1.0500
  2   -0.0500    1.0500
 
Enter command (H for help):
 
#
 
DATA_READ
  Read point data from "romero_05_cvt.txt".
 
  Points are assumed to have dimension      3
 
POINTS_COUNT:
  Number of records:             15
  Number of point records:        9
  Number of comment records:      6
  Number of bad records:          0
 
POINTS_READ:
  Read coordinate data from file.
 
 Coord  Min  Max
 
  1    1.0000    9.0000
  2    0.1653    0.8359
  3    0.1661    0.8336
 
DATA_READ
  The data has been read.
 
Enter command (H for help):
 
 
TITLE:
  "05: Romero CVT 9 point set, seed 2"
 
Enter command (H for help):
 
 
  Next output file is romero_05_cvt_dot.eps
 
Enter command (H for help):
 
 
  Write dot data to "romero_05_cvt_dot.eps".
 
        Plot Plot
 Coord  Min  Max
 
  1   -0.0500    1.0500
  2   -0.0500    1.0500
 
Enter command (H for help):
 
 
  Next output file is romero_05_cvt_cir.eps
 
Enter command (H for help):
 
 
  Write circle data to "romero_05_cvt_cir.eps".
 
        Plot Plot
 Coord  Min  Max
 
  1   -0.0500    1.0500
  2   -0.0500    1.0500
 
Enter command (H for help):
 
#
 
DATA_READ
  Read point data from "romero_06_cvt.txt".
 
  Points are assumed to have dimension      3
 
POINTS_COUNT:
  Number of records:             19
  Number of point records:       13
  Number of comment records:      6
  Number of bad records:          0
 
POINTS_READ:
  Read coordinate data from file.
 
 Coord  Min  Max
 
  1    1.0000   13.0000
  2    0.1292    0.8831
  3    0.1213    0.8872
 
DATA_READ
  The data has been read.
 
Enter command (H for help):
 
 
TITLE:
  "06: Romero CVT 13 point set, seed 2"
 
Enter command (H for help):
 
 
  Next output file is romero_06_cvt_dot.eps
 
Enter command (H for help):
 
 
  Write dot data to "romero_06_cvt_dot.eps".
 
        Plot Plot
 Coord  Min  Max
 
  1   -0.0500    1.0500
  2   -0.0500    1.0500
 
Enter command (H for help):
 
 
  Next output file is romero_06_cvt_cir.eps
 
Enter command (H for help):
 
 
  Write circle data to "romero_06_cvt_cir.eps".
 
        Plot Plot
 Coord  Min  Max
 
  1   -0.0500    1.0500
  2   -0.0500    1.0500
 
Enter command (H for help):
 
#
 
DATA_READ
  Read point data from "romero_07_cvt.txt".
 
  Points are assumed to have dimension      3
 
POINTS_COUNT:
  Number of records:             31
  Number of point records:       25
  Number of comment records:      6
  Number of bad records:          0
 
POINTS_READ:
  Read coordinate data from file.
 
 Coord  Min  Max
 
  1    1.0000   25.0000
  2    0.0936    0.9016
  3    0.0902    0.9184
 
DATA_READ
  The data has been read.
 
Enter command (H for help):
 
 
TITLE:
  "07: Romero CVT 25 point set, seed 2"
 
Enter command (H for help):
 
 
  Next output file is romero_07_cvt_dot.eps
 
Enter command (H for help):
 
 
  Write dot data to "romero_07_cvt_dot.eps".
 
        Plot Plot
 Coord  Min  Max
 
  1   -0.0500    1.0500
  2   -0.0500    1.0500
 
Enter command (H for help):
 
 
  Next output file is romero_07_cvt_cir.eps
 
Enter command (H for help):
 
 
  Write circle data to "romero_07_cvt_cir.eps".
 
        Plot Plot
 Coord  Min  Max
 
  1   -0.0500    1.0500
  2   -0.0500    1.0500
 
Enter command (H for help):
 
#
 
DATA_READ
  Read point data from "romero_08_cvt.txt".
 
  Points are assumed to have dimension      3
 
POINTS_COUNT:
  Number of records:             47
  Number of point records:       41
  Number of comment records:      6
  Number of bad records:          0
 
POINTS_READ:
  Read coordinate data from file.
 
 Coord  Min  Max
 
  1    1.0000   41.0000
  2    0.0702    0.9305
  3    0.0628    0.9328
 
DATA_READ
  The data has been read.
 
Enter command (H for help):
 
 
TITLE:
  "08: Romero CVT 41 point set, seed 2"
 
Enter command (H for help):
 
 
  Next output file is romero_08_cvt_dot.eps
 
Enter command (H for help):
 
 
  Write dot data to "romero_08_cvt_dot.eps".
 
        Plot Plot
 Coord  Min  Max
 
  1   -0.0500    1.0500
  2   -0.0500    1.0500
 
Enter command (H for help):
 
 
  Next output file is romero_08_cvt_cir.eps
 
Enter command (H for help):
 
 
  Write circle data to "romero_08_cvt_cir.eps".
 
        Plot Plot
 Coord  Min  Max
 
  1   -0.0500    1.0500
  2   -0.0500    1.0500
 
Enter command (H for help):
 
#
 
DATA_READ
  Read point data from "romero_09_cvt.txt".
 
  Points are assumed to have dimension      3
 
POINTS_COUNT:
  Number of records:             15
  Number of point records:        9
  Number of comment records:      6
  Number of bad records:          0
 
POINTS_READ:
  Read coordinate data from file.
 
 Coord  Min  Max
 
  1    1.0000    9.0000
  2    0.1661    0.8340
  3    0.1656    0.8339
 
DATA_READ
  The data has been read.
 
Enter command (H for help):
 
 
TITLE:
  "09: Romero CVT 9 point set, seed 3"
 
Enter command (H for help):
 
 
  Next output file is romero_09_cvt_dot.eps
 
Enter command (H for help):
 
 
  Write dot data to "romero_09_cvt_dot.eps".
 
        Plot Plot
 Coord  Min  Max
 
  1   -0.0500    1.0500
  2   -0.0500    1.0500
 
Enter command (H for help):
 
 
  Next output file is romero_09_cvt_cir.eps
 
Enter command (H for help):
 
 
  Write circle data to "romero_09_cvt_cir.eps".
 
        Plot Plot
 Coord  Min  Max
 
  1   -0.0500    1.0500
  2   -0.0500    1.0500
 
Enter command (H for help):
 
#
 
DATA_READ
  Read point data from "romero_10_cvt.txt".
 
  Points are assumed to have dimension      3
 
POINTS_COUNT:
  Number of records:             17
  Number of point records:       11
  Number of comment records:      6
  Number of bad records:          0
 
POINTS_READ:
  Read coordinate data from file.
 
 Coord  Min  Max
 
  1    1.0000   11.0000
  2    0.1261    0.8738
  3    0.1419    0.8506
 
DATA_READ
  The data has been read.
 
Enter command (H for help):
 
 
TITLE:
  "10: Romero CVT 13 point set, seed 3"
 
Enter command (H for help):
 
 
  Next output file is romero_10_cvt_dot.eps
 
Enter command (H for help):
 
 
  Write dot data to "romero_10_cvt_dot.eps".
 
        Plot Plot
 Coord  Min  Max
 
  1   -0.0500    1.0500
  2   -0.0500    1.0500
 
Enter command (H for help):
 
 
  Next output file is romero_10_cvt_cir.eps
 
Enter command (H for help):
 
 
  Write circle data to "romero_10_cvt_cir.eps".
 
        Plot Plot
 Coord  Min  Max
 
  1   -0.0500    1.0500
  2   -0.0500    1.0500
 
Enter command (H for help):
 
#
 
DATA_READ
  Read point data from "romero_11_cvt.txt".
 
  Points are assumed to have dimension      3
 
POINTS_COUNT:
  Number of records:             31
  Number of point records:       25
  Number of comment records:      6
  Number of bad records:          0
 
POINTS_READ:
  Read coordinate data from file.
 
 Coord  Min  Max
 
  1    1.0000   25.0000
  2    0.0988    0.9016
  3    0.0822    0.9174
 
DATA_READ
  The data has been read.
 
Enter command (H for help):
 
 
TITLE:
  "11: Romero CVT 25 point set, seed 3"
 
Enter command (H for help):
 
 
  Next output file is romero_11_cvt_dot.eps
 
Enter command (H for help):
 
 
  Write dot data to "romero_11_cvt_dot.eps".
 
        Plot Plot
 Coord  Min  Max
 
  1   -0.0500    1.0500
  2   -0.0500    1.0500
 
Enter command (H for help):
 
 
  Next output file is romero_11_cvt_cir.eps
 
Enter command (H for help):
 
 
  Write circle data to "romero_11_cvt_cir.eps".
 
        Plot Plot
 Coord  Min  Max
 
  1   -0.0500    1.0500
  2   -0.0500    1.0500
 
Enter command (H for help):
 
#
 
DATA_READ
  Read point data from "romero_12_cvt.txt".
 
  Points are assumed to have dimension      3
 
POINTS_COUNT:
  Number of records:             47
  Number of point records:       41
  Number of comment records:      6
  Number of bad records:          0
 
POINTS_READ:
  Read coordinate data from file.
 
 Coord  Min  Max
 
  1    1.0000   41.0000
  2    0.0697    0.9354
  3    0.0656    0.9306
 
DATA_READ
  The data has been read.
 
Enter command (H for help):
 
 
TITLE:
  "12: Romero CVT 41 point set, seed 3"
 
Enter command (H for help):
 
 
  Next output file is romero_12_cvt_dot.eps
 
Enter command (H for help):
 
 
  Write dot data to "romero_12_cvt_dot.eps".
 
        Plot Plot
 Coord  Min  Max
 
  1   -0.0500    1.0500
  2   -0.0500    1.0500
 
Enter command (H for help):
 
 
  Next output file is romero_12_cvt_cir.eps
 
Enter command (H for help):
 
 
  Write circle data to "romero_12_cvt_cir.eps".
 
        Plot Plot
 Coord  Min  Max
 
  1   -0.0500    1.0500
  2   -0.0500    1.0500
 
Enter command (H for help):
 
#
 
PLOT_POINTS
  Normal end of execution.
 
March 10 2003   8:36:42.420 AM
